
 /----------------------------------------------------------------------------\
 |  yosys -- Yosys Open SYnthesis Suite                                       |
 |  Copyright (C) 2012 - 2026  Claire Xenia Wolf <claire@yosyshq.com>         |
 |  Distributed under an ISC-like license, type "license" to see terms        |
 \----------------------------------------------------------------------------/
 Yosys 0.64 (git sha1 d8dab5b32666564eca8e18f412973853ce006e61, clang++ 21.0.0 -fPIC -O3)

-- Executing script file `../model/design.ys' --

1. Executing Verilog-2005 frontend: axi4lite_slave_buggy.sv
Parsing formal SystemVerilog input from `axi4lite_slave_buggy.sv' to AST representation.
Storing AST representation for module `$abstract\axi4lite_slave'.
Successfully finished Verilog frontend.

2. Executing Verilog-2005 frontend: axi4lite_fv_top.sv
Parsing formal SystemVerilog input from `axi4lite_fv_top.sv' to AST representation.
Storing AST representation for module `$abstract\axi4lite_fv_top'.
Successfully finished Verilog frontend.

3. Executing PREP pass.

3.1. Executing HIERARCHY pass (managing design hierarchy).

3.2. Executing AST frontend in derive mode using pre-parsed AST for module `\axi4lite_fv_top'.
Generating RTLIL representation for module `\axi4lite_fv_top'.

3.2.1. Analyzing design hierarchy..
Top module:  \axi4lite_fv_top
Parameter \ADDR_WIDTH = 5
Parameter \DATA_WIDTH = 32

3.2.2. Executing AST frontend in derive mode using pre-parsed AST for module `\axi4lite_slave'.
Parameter \ADDR_WIDTH = 5
Parameter \DATA_WIDTH = 32
Generating RTLIL representation for module `$paramod$69437980e42767c350af827a9fef437148ade08c\axi4lite_slave'.

3.2.3. Analyzing design hierarchy..
Top module:  \axi4lite_fv_top
Used module:     $paramod$69437980e42767c350af827a9fef437148ade08c\axi4lite_slave

3.2.4. Analyzing design hierarchy..
Top module:  \axi4lite_fv_top
Used module:     $paramod$69437980e42767c350af827a9fef437148ade08c\axi4lite_slave
Removing unused module `$abstract\axi4lite_fv_top'.
Removing unused module `$abstract\axi4lite_slave'.
Removed 2 unused modules.
Module axi4lite_fv_top directly or indirectly contains formal properties -> setting "keep" attribute.

3.3. Executing PROC pass (convert processes to netlists).

3.3.1. Executing PROC_CLEAN pass (remove empty switches from decision trees).
Cleaned up 0 empty switches.

3.3.2. Executing PROC_RMDEAD pass (remove dead branches from decision trees).
Marked 4 switch rules as full_case in process $proc$axi4lite_slave_buggy.sv:101$248 in module $paramod$69437980e42767c350af827a9fef437148ade08c\axi4lite_slave.
Marked 4 switch rules as full_case in process $proc$axi4lite_slave_buggy.sv:59$233 in module $paramod$69437980e42767c350af827a9fef437148ade08c\axi4lite_slave.
Marked 1 switch rules as full_case in process $proc$axi4lite_fv_top.sv:149$180 in module axi4lite_fv_top.
Marked 1 switch rules as full_case in process $proc$axi4lite_fv_top.sv:136$173 in module axi4lite_fv_top.
Removed a total of 0 dead cases.

3.3.3. Executing PROC_PRUNE pass (remove redundant assignments in processes).
Removed 1 redundant assignment.
Promoted 64 assignments to connections.

3.3.4. Executing PROC_INIT pass (extract init attributes).
Found init rule in `$paramod$69437980e42767c350af827a9fef437148ade08c\axi4lite_slave.$proc$axi4lite_slave_buggy.sv:46$272'.
  Set init value: \raddr_q = 5'00000
Found init rule in `$paramod$69437980e42767c350af827a9fef437148ade08c\axi4lite_slave.$proc$axi4lite_slave_buggy.sv:45$271'.
  Set init value: \waddr_q = 5'00000
Found init rule in `$paramod$69437980e42767c350af827a9fef437148ade08c\axi4lite_slave.$proc$axi4lite_slave_buggy.sv:44$270'.
  Set init value: \r_state = 2'00
Found init rule in `$paramod$69437980e42767c350af827a9fef437148ade08c\axi4lite_slave.$proc$axi4lite_slave_buggy.sv:43$269'.
  Set init value: \w_state = 2'00
Found init rule in `$paramod$69437980e42767c350af827a9fef437148ade08c\axi4lite_slave.$proc$axi4lite_slave_buggy.sv:29$268'.
  Set init value: \rvalid = 1'0
Found init rule in `$paramod$69437980e42767c350af827a9fef437148ade08c\axi4lite_slave.$proc$axi4lite_slave_buggy.sv:28$267'.
  Set init value: \rresp = 2'00
Found init rule in `$paramod$69437980e42767c350af827a9fef437148ade08c\axi4lite_slave.$proc$axi4lite_slave_buggy.sv:27$266'.
  Set init value: \rdata = 0
Found init rule in `$paramod$69437980e42767c350af827a9fef437148ade08c\axi4lite_slave.$proc$axi4lite_slave_buggy.sv:25$265'.
  Set init value: \arready = 1'0
Found init rule in `$paramod$69437980e42767c350af827a9fef437148ade08c\axi4lite_slave.$proc$axi4lite_slave_buggy.sv:20$264'.
  Set init value: \bvalid = 1'0
Found init rule in `$paramod$69437980e42767c350af827a9fef437148ade08c\axi4lite_slave.$proc$axi4lite_slave_buggy.sv:19$263'.
  Set init value: \bresp = 2'00
Found init rule in `$paramod$69437980e42767c350af827a9fef437148ade08c\axi4lite_slave.$proc$axi4lite_slave_buggy.sv:17$262'.
  Set init value: \wready = 1'0
Found init rule in `$paramod$69437980e42767c350af827a9fef437148ade08c\axi4lite_slave.$proc$axi4lite_slave_buggy.sv:12$261'.
  Set init value: \awready = 1'0
Found init rule in `\axi4lite_fv_top.$proc$axi4lite_fv_top.sv:148$222'.
  Set init value: \f_exp_rdata_valid = 1'0
Found init rule in `\axi4lite_fv_top.$proc$axi4lite_fv_top.sv:147$221'.
  Set init value: \f_exp_rdata = 0
Found init rule in `\axi4lite_fv_top.$proc$axi4lite_fv_top.sv:131$220'.
  Set init value: \f_watch_valid = 1'0
Found init rule in `\axi4lite_fv_top.$proc$axi4lite_fv_top.sv:130$219'.
  Set init value: \f_watch_data = 0
Found init rule in `\axi4lite_fv_top.$proc$axi4lite_fv_top.sv:45$218'.
  Set init value: \aresetn_d = 1'0
Found init rule in `\axi4lite_fv_top.$proc$axi4lite_fv_top.sv:42$217'.
  Set init value: \f_past_valid = 1'0

3.3.5. Executing PROC_ARST pass (detect async resets in processes).

3.3.6. Executing PROC_ROM pass (convert switches to ROMs).
Converted 0 switches.
<suppressed ~36 debug messages>

3.3.7. Executing PROC_MUX pass (convert decision trees to multiplexers).
Creating decoders for process `$paramod$69437980e42767c350af827a9fef437148ade08c\axi4lite_slave.$proc$axi4lite_slave_buggy.sv:57$273'.
Creating decoders for process `$paramod$69437980e42767c350af827a9fef437148ade08c\axi4lite_slave.$proc$axi4lite_slave_buggy.sv:46$272'.
Creating decoders for process `$paramod$69437980e42767c350af827a9fef437148ade08c\axi4lite_slave.$proc$axi4lite_slave_buggy.sv:45$271'.
Creating decoders for process `$paramod$69437980e42767c350af827a9fef437148ade08c\axi4lite_slave.$proc$axi4lite_slave_buggy.sv:44$270'.
Creating decoders for process `$paramod$69437980e42767c350af827a9fef437148ade08c\axi4lite_slave.$proc$axi4lite_slave_buggy.sv:43$269'.
Creating decoders for process `$paramod$69437980e42767c350af827a9fef437148ade08c\axi4lite_slave.$proc$axi4lite_slave_buggy.sv:29$268'.
Creating decoders for process `$paramod$69437980e42767c350af827a9fef437148ade08c\axi4lite_slave.$proc$axi4lite_slave_buggy.sv:28$267'.
Creating decoders for process `$paramod$69437980e42767c350af827a9fef437148ade08c\axi4lite_slave.$proc$axi4lite_slave_buggy.sv:27$266'.
Creating decoders for process `$paramod$69437980e42767c350af827a9fef437148ade08c\axi4lite_slave.$proc$axi4lite_slave_buggy.sv:25$265'.
Creating decoders for process `$paramod$69437980e42767c350af827a9fef437148ade08c\axi4lite_slave.$proc$axi4lite_slave_buggy.sv:20$264'.
Creating decoders for process `$paramod$69437980e42767c350af827a9fef437148ade08c\axi4lite_slave.$proc$axi4lite_slave_buggy.sv:19$263'.
Creating decoders for process `$paramod$69437980e42767c350af827a9fef437148ade08c\axi4lite_slave.$proc$axi4lite_slave_buggy.sv:17$262'.
Creating decoders for process `$paramod$69437980e42767c350af827a9fef437148ade08c\axi4lite_slave.$proc$axi4lite_slave_buggy.sv:12$261'.
Creating decoders for process `$paramod$69437980e42767c350af827a9fef437148ade08c\axi4lite_slave.$proc$axi4lite_slave_buggy.sv:101$248'.
     1/6: $0\raddr_q[4:0]
     2/6: $0\r_state[1:0]
     3/6: $0\rdata[31:0]
     4/6: $0\rresp[1:0]
     5/6: $0\rvalid[0:0]
     6/6: $0\arready[0:0]
Creating decoders for process `$paramod$69437980e42767c350af827a9fef437148ade08c\axi4lite_slave.$proc$axi4lite_slave_buggy.sv:59$233'.
     1/15: $3$memwr$\mem$axi4lite_slave_buggy.sv:84$231_EN[31:0]$247
     2/15: $3$memwr$\mem$axi4lite_slave_buggy.sv:84$231_DATA[31:0]$246
     3/15: $3$memwr$\mem$axi4lite_slave_buggy.sv:84$231_ADDR[2:0]$245
     4/15: $2$memwr$\mem$axi4lite_slave_buggy.sv:84$231_EN[31:0]$243
     5/15: $2$memwr$\mem$axi4lite_slave_buggy.sv:84$231_DATA[31:0]$242
     6/15: $2$memwr$\mem$axi4lite_slave_buggy.sv:84$231_ADDR[2:0]$241
     7/15: $1$memwr$\mem$axi4lite_slave_buggy.sv:84$231_EN[31:0]$240
     8/15: $1$memwr$\mem$axi4lite_slave_buggy.sv:84$231_DATA[31:0]$239
     9/15: $1$memwr$\mem$axi4lite_slave_buggy.sv:84$231_ADDR[2:0]$238
    10/15: $0\waddr_q[4:0]
    11/15: $0\w_state[1:0]
    12/15: $0\bresp[1:0]
    13/15: $0\bvalid[0:0]
    14/15: $0\wready[0:0]
    15/15: $0\awready[0:0]
Creating decoders for process `\axi4lite_fv_top.$proc$axi4lite_fv_top.sv:148$222'.
Creating decoders for process `\axi4lite_fv_top.$proc$axi4lite_fv_top.sv:147$221'.
Creating decoders for process `\axi4lite_fv_top.$proc$axi4lite_fv_top.sv:131$220'.
Creating decoders for process `\axi4lite_fv_top.$proc$axi4lite_fv_top.sv:130$219'.
Creating decoders for process `\axi4lite_fv_top.$proc$axi4lite_fv_top.sv:45$218'.
Creating decoders for process `\axi4lite_fv_top.$proc$axi4lite_fv_top.sv:42$217'.
Creating decoders for process `\axi4lite_fv_top.$proc$axi4lite_fv_top.sv:40$214'.
Creating decoders for process `\axi4lite_fv_top.$proc$axi4lite_fv_top.sv:178$206'.
     1/3: \c_both_idle_EN
     2/3: \c_read_completes_EN
     3/3: \c_write_completes_EN
Creating decoders for process `\axi4lite_fv_top.$proc$axi4lite_fv_top.sv:173$196'.
     1/1: \a15_EN
Creating decoders for process `\axi4lite_fv_top.$proc$axi4lite_fv_top.sv:168$190'.
     1/1: \a14_EN
Creating decoders for process `\axi4lite_fv_top.$proc$axi4lite_fv_top.sv:164$187'.
     1/1: \a14_inv_EN
Creating decoders for process `\axi4lite_fv_top.$proc$axi4lite_fv_top.sv:149$180'.
     1/2: $0\f_exp_rdata_valid[0:0]
     2/2: $0\f_exp_rdata[31:0]
Creating decoders for process `\axi4lite_fv_top.$proc$axi4lite_fv_top.sv:136$173'.
     1/2: $0\f_watch_valid[0:0]
     2/2: $0\f_watch_data[31:0]
Creating decoders for process `\axi4lite_fv_top.$proc$axi4lite_fv_top.sv:125$164'.
     1/1: \a13_EN
Creating decoders for process `\axi4lite_fv_top.$proc$axi4lite_fv_top.sv:121$161'.
     1/1: \a12_EN
Creating decoders for process `\axi4lite_fv_top.$proc$axi4lite_fv_top.sv:111$151'.
     1/1: \a11_EN
Creating decoders for process `\axi4lite_fv_top.$proc$axi4lite_fv_top.sv:106$141'.
     1/1: \a10_EN
Creating decoders for process `\axi4lite_fv_top.$proc$axi4lite_fv_top.sv:102$132'.
     1/1: \a09_EN
Creating decoders for process `\axi4lite_fv_top.$proc$axi4lite_fv_top.sv:98$123'.
     1/1: \a08_EN
Creating decoders for process `\axi4lite_fv_top.$proc$axi4lite_fv_top.sv:95$118'.
     1/1: \a07_EN
Creating decoders for process `\axi4lite_fv_top.$proc$axi4lite_fv_top.sv:92$113'.
     1/1: \a06_EN
Creating decoders for process `\axi4lite_fv_top.$proc$axi4lite_fv_top.sv:88$107'.
     1/1: \a05_EN
Creating decoders for process `\axi4lite_fv_top.$proc$axi4lite_fv_top.sv:85$103'.
     1/1: \a04_EN
Creating decoders for process `\axi4lite_fv_top.$proc$axi4lite_fv_top.sv:82$99'.
     1/1: \a03_EN
Creating decoders for process `\axi4lite_fv_top.$proc$axi4lite_fv_top.sv:78$90'.
     1/1: \a02_EN
Creating decoders for process `\axi4lite_fv_top.$proc$axi4lite_fv_top.sv:74$81'.
     1/1: \a01_EN
Creating decoders for process `\axi4lite_fv_top.$proc$axi4lite_fv_top.sv:70$73'.
     1/3: $assume$axi4lite_fv_top.sv:71$79_EN
     2/3: $assume$axi4lite_fv_top.sv:71$77_EN
     3/3: $assume$axi4lite_fv_top.sv:71$75_EN
Creating decoders for process `\axi4lite_fv_top.$proc$axi4lite_fv_top.sv:53$42'.
     1/7: $assume$axi4lite_fv_top.sv:66$71_EN
     2/7: $assume$axi4lite_fv_top.sv:65$70_EN
     3/7: $assume$axi4lite_fv_top.sv:62$66_EN
     4/7: $assume$axi4lite_fv_top.sv:61$64_EN
     5/7: $assume$axi4lite_fv_top.sv:60$63_EN
     6/7: $assume$axi4lite_fv_top.sv:57$59_EN
     7/7: $assume$axi4lite_fv_top.sv:56$58_EN
Creating decoders for process `\axi4lite_fv_top.$proc$axi4lite_fv_top.sv:49$38'.
     1/1: $assume$axi4lite_fv_top.sv:51$41_EN
Creating decoders for process `\axi4lite_fv_top.$proc$axi4lite_fv_top.sv:46$35'.
Creating decoders for process `\axi4lite_fv_top.$proc$axi4lite_fv_top.sv:43$34'.

3.3.8. Executing PROC_DLATCH pass (convert process syncs to latches).
No latch inferred for signal `$paramod$69437980e42767c350af827a9fef437148ade08c\axi4lite_slave.\i' from process `$paramod$69437980e42767c350af827a9fef437148ade08c\axi4lite_slave.$proc$axi4lite_slave_buggy.sv:57$273'.
No latch inferred for signal `$paramod$69437980e42767c350af827a9fef437148ade08c\axi4lite_slave.$memwr$\mem$axi4lite_slave_buggy.sv:57$223_EN' from process `$paramod$69437980e42767c350af827a9fef437148ade08c\axi4lite_slave.$proc$axi4lite_slave_buggy.sv:57$273'.
No latch inferred for signal `$paramod$69437980e42767c350af827a9fef437148ade08c\axi4lite_slave.$memwr$\mem$axi4lite_slave_buggy.sv:57$224_EN' from process `$paramod$69437980e42767c350af827a9fef437148ade08c\axi4lite_slave.$proc$axi4lite_slave_buggy.sv:57$273'.
No latch inferred for signal `$paramod$69437980e42767c350af827a9fef437148ade08c\axi4lite_slave.$memwr$\mem$axi4lite_slave_buggy.sv:57$225_EN' from process `$paramod$69437980e42767c350af827a9fef437148ade08c\axi4lite_slave.$proc$axi4lite_slave_buggy.sv:57$273'.
No latch inferred for signal `$paramod$69437980e42767c350af827a9fef437148ade08c\axi4lite_slave.$memwr$\mem$axi4lite_slave_buggy.sv:57$226_EN' from process `$paramod$69437980e42767c350af827a9fef437148ade08c\axi4lite_slave.$proc$axi4lite_slave_buggy.sv:57$273'.
No latch inferred for signal `$paramod$69437980e42767c350af827a9fef437148ade08c\axi4lite_slave.$memwr$\mem$axi4lite_slave_buggy.sv:57$227_EN' from process `$paramod$69437980e42767c350af827a9fef437148ade08c\axi4lite_slave.$proc$axi4lite_slave_buggy.sv:57$273'.
No latch inferred for signal `$paramod$69437980e42767c350af827a9fef437148ade08c\axi4lite_slave.$memwr$\mem$axi4lite_slave_buggy.sv:57$228_EN' from process `$paramod$69437980e42767c350af827a9fef437148ade08c\axi4lite_slave.$proc$axi4lite_slave_buggy.sv:57$273'.
No latch inferred for signal `$paramod$69437980e42767c350af827a9fef437148ade08c\axi4lite_slave.$memwr$\mem$axi4lite_slave_buggy.sv:57$229_EN' from process `$paramod$69437980e42767c350af827a9fef437148ade08c\axi4lite_slave.$proc$axi4lite_slave_buggy.sv:57$273'.
No latch inferred for signal `$paramod$69437980e42767c350af827a9fef437148ade08c\axi4lite_slave.$memwr$\mem$axi4lite_slave_buggy.sv:57$230_EN' from process `$paramod$69437980e42767c350af827a9fef437148ade08c\axi4lite_slave.$proc$axi4lite_slave_buggy.sv:57$273'.

3.3.9. Executing PROC_DFF pass (convert process syncs to FFs).
Creating register for signal `$paramod$69437980e42767c350af827a9fef437148ade08c\axi4lite_slave.\arready' using process `$paramod$69437980e42767c350af827a9fef437148ade08c\axi4lite_slave.$proc$axi4lite_slave_buggy.sv:101$248'.
  created $dff cell `$procdff$572' with positive edge clock.
Creating register for signal `$paramod$69437980e42767c350af827a9fef437148ade08c\axi4lite_slave.\rvalid' using process `$paramod$69437980e42767c350af827a9fef437148ade08c\axi4lite_slave.$proc$axi4lite_slave_buggy.sv:101$248'.
  created $dff cell `$procdff$573' with positive edge clock.
Creating register for signal `$paramod$69437980e42767c350af827a9fef437148ade08c\axi4lite_slave.\rresp' using process `$paramod$69437980e42767c350af827a9fef437148ade08c\axi4lite_slave.$proc$axi4lite_slave_buggy.sv:101$248'.
  created $dff cell `$procdff$574' with positive edge clock.
Creating register for signal `$paramod$69437980e42767c350af827a9fef437148ade08c\axi4lite_slave.\rdata' using process `$paramod$69437980e42767c350af827a9fef437148ade08c\axi4lite_slave.$proc$axi4lite_slave_buggy.sv:101$248'.
  created $dff cell `$procdff$575' with positive edge clock.
Creating register for signal `$paramod$69437980e42767c350af827a9fef437148ade08c\axi4lite_slave.\r_state' using process `$paramod$69437980e42767c350af827a9fef437148ade08c\axi4lite_slave.$proc$axi4lite_slave_buggy.sv:101$248'.
  created $dff cell `$procdff$576' with positive edge clock.
Creating register for signal `$paramod$69437980e42767c350af827a9fef437148ade08c\axi4lite_slave.\raddr_q' using process `$paramod$69437980e42767c350af827a9fef437148ade08c\axi4lite_slave.$proc$axi4lite_slave_buggy.sv:101$248'.
  created $dff cell `$procdff$577' with positive edge clock.
Creating register for signal `$paramod$69437980e42767c350af827a9fef437148ade08c\axi4lite_slave.\awready' using process `$paramod$69437980e42767c350af827a9fef437148ade08c\axi4lite_slave.$proc$axi4lite_slave_buggy.sv:59$233'.
  created $dff cell `$procdff$578' with positive edge clock.
Creating register for signal `$paramod$69437980e42767c350af827a9fef437148ade08c\axi4lite_slave.\wready' using process `$paramod$69437980e42767c350af827a9fef437148ade08c\axi4lite_slave.$proc$axi4lite_slave_buggy.sv:59$233'.
  created $dff cell `$procdff$579' with positive edge clock.
Creating register for signal `$paramod$69437980e42767c350af827a9fef437148ade08c\axi4lite_slave.\bvalid' using process `$paramod$69437980e42767c350af827a9fef437148ade08c\axi4lite_slave.$proc$axi4lite_slave_buggy.sv:59$233'.
  created $dff cell `$procdff$580' with positive edge clock.
Creating register for signal `$paramod$69437980e42767c350af827a9fef437148ade08c\axi4lite_slave.\bresp' using process `$paramod$69437980e42767c350af827a9fef437148ade08c\axi4lite_slave.$proc$axi4lite_slave_buggy.sv:59$233'.
  created $dff cell `$procdff$581' with positive edge clock.
Creating register for signal `$paramod$69437980e42767c350af827a9fef437148ade08c\axi4lite_slave.\w_state' using process `$paramod$69437980e42767c350af827a9fef437148ade08c\axi4lite_slave.$proc$axi4lite_slave_buggy.sv:59$233'.
  created $dff cell `$procdff$582' with positive edge clock.
Creating register for signal `$paramod$69437980e42767c350af827a9fef437148ade08c\axi4lite_slave.\waddr_q' using process `$paramod$69437980e42767c350af827a9fef437148ade08c\axi4lite_slave.$proc$axi4lite_slave_buggy.sv:59$233'.
  created $dff cell `$procdff$583' with positive edge clock.
Creating register for signal `$paramod$69437980e42767c350af827a9fef437148ade08c\axi4lite_slave.$memwr$\mem$axi4lite_slave_buggy.sv:84$231_ADDR' using process `$paramod$69437980e42767c350af827a9fef437148ade08c\axi4lite_slave.$proc$axi4lite_slave_buggy.sv:59$233'.
  created $dff cell `$procdff$584' with positive edge clock.
Creating register for signal `$paramod$69437980e42767c350af827a9fef437148ade08c\axi4lite_slave.$memwr$\mem$axi4lite_slave_buggy.sv:84$231_DATA' using process `$paramod$69437980e42767c350af827a9fef437148ade08c\axi4lite_slave.$proc$axi4lite_slave_buggy.sv:59$233'.
  created $dff cell `$procdff$585' with positive edge clock.
Creating register for signal `$paramod$69437980e42767c350af827a9fef437148ade08c\axi4lite_slave.$memwr$\mem$axi4lite_slave_buggy.sv:84$231_EN' using process `$paramod$69437980e42767c350af827a9fef437148ade08c\axi4lite_slave.$proc$axi4lite_slave_buggy.sv:59$233'.
  created $dff cell `$procdff$586' with positive edge clock.
Creating register for signal `\axi4lite_fv_top.\f_exp_rdata' using process `\axi4lite_fv_top.$proc$axi4lite_fv_top.sv:149$180'.
  created $dff cell `$procdff$587' with positive edge clock.
Creating register for signal `\axi4lite_fv_top.\f_exp_rdata_valid' using process `\axi4lite_fv_top.$proc$axi4lite_fv_top.sv:149$180'.
  created $dff cell `$procdff$588' with positive edge clock.
Creating register for signal `\axi4lite_fv_top.\f_watch_data' using process `\axi4lite_fv_top.$proc$axi4lite_fv_top.sv:136$173'.
  created $dff cell `$procdff$589' with positive edge clock.
Creating register for signal `\axi4lite_fv_top.\f_watch_valid' using process `\axi4lite_fv_top.$proc$axi4lite_fv_top.sv:136$173'.
  created $dff cell `$procdff$590' with positive edge clock.
Creating register for signal `\axi4lite_fv_top.$past$axi4lite_fv_top.sv:126$31$0' using process `\axi4lite_fv_top.$proc$axi4lite_fv_top.sv:125$164'.
  created $dff cell `$procdff$591' with positive edge clock.
Creating register for signal `\axi4lite_fv_top.$past$axi4lite_fv_top.sv:127$32$0' using process `\axi4lite_fv_top.$proc$axi4lite_fv_top.sv:125$164'.
  created $dff cell `$procdff$592' with positive edge clock.
Creating register for signal `\axi4lite_fv_top.$past$axi4lite_fv_top.sv:112$29$0' using process `\axi4lite_fv_top.$proc$axi4lite_fv_top.sv:111$151'.
  created $dff cell `$procdff$593' with positive edge clock.
Creating register for signal `\axi4lite_fv_top.$past$axi4lite_fv_top.sv:113$30$0' using process `\axi4lite_fv_top.$proc$axi4lite_fv_top.sv:111$151'.
  created $dff cell `$procdff$594' with positive edge clock.
Creating register for signal `\axi4lite_fv_top.$past$axi4lite_fv_top.sv:107$27$0' using process `\axi4lite_fv_top.$proc$axi4lite_fv_top.sv:106$141'.
  created $dff cell `$procdff$595' with positive edge clock.
Creating register for signal `\axi4lite_fv_top.$past$axi4lite_fv_top.sv:108$28$0' using process `\axi4lite_fv_top.$proc$axi4lite_fv_top.sv:106$141'.
  created $dff cell `$procdff$596' with positive edge clock.
Creating register for signal `\axi4lite_fv_top.$past$axi4lite_fv_top.sv:103$24$0' using process `\axi4lite_fv_top.$proc$axi4lite_fv_top.sv:102$132'.
  created $dff cell `$procdff$597' with positive edge clock.
Creating register for signal `\axi4lite_fv_top.$past$axi4lite_fv_top.sv:103$25$0' using process `\axi4lite_fv_top.$proc$axi4lite_fv_top.sv:102$132'.
  created $dff cell `$procdff$598' with positive edge clock.
Creating register for signal `\axi4lite_fv_top.$past$axi4lite_fv_top.sv:103$26$0' using process `\axi4lite_fv_top.$proc$axi4lite_fv_top.sv:102$132'.
  created $dff cell `$procdff$599' with positive edge clock.
Creating register for signal `\axi4lite_fv_top.$past$axi4lite_fv_top.sv:99$21$0' using process `\axi4lite_fv_top.$proc$axi4lite_fv_top.sv:98$123'.
  created $dff cell `$procdff$600' with positive edge clock.
Creating register for signal `\axi4lite_fv_top.$past$axi4lite_fv_top.sv:99$22$0' using process `\axi4lite_fv_top.$proc$axi4lite_fv_top.sv:98$123'.
  created $dff cell `$procdff$601' with positive edge clock.
Creating register for signal `\axi4lite_fv_top.$past$axi4lite_fv_top.sv:99$23$0' using process `\axi4lite_fv_top.$proc$axi4lite_fv_top.sv:98$123'.
  created $dff cell `$procdff$602' with positive edge clock.
Creating register for signal `\axi4lite_fv_top.$past$axi4lite_fv_top.sv:89$20$0' using process `\axi4lite_fv_top.$proc$axi4lite_fv_top.sv:88$107'.
  created $dff cell `$procdff$603' with positive edge clock.
Creating register for signal `\axi4lite_fv_top.$past$axi4lite_fv_top.sv:79$17$0' using process `\axi4lite_fv_top.$proc$axi4lite_fv_top.sv:78$90'.
  created $dff cell `$procdff$604' with positive edge clock.
Creating register for signal `\axi4lite_fv_top.$past$axi4lite_fv_top.sv:79$18$0' using process `\axi4lite_fv_top.$proc$axi4lite_fv_top.sv:78$90'.
  created $dff cell `$procdff$605' with positive edge clock.
Creating register for signal `\axi4lite_fv_top.$past$axi4lite_fv_top.sv:79$19$0' using process `\axi4lite_fv_top.$proc$axi4lite_fv_top.sv:78$90'.
  created $dff cell `$procdff$606' with positive edge clock.
Creating register for signal `\axi4lite_fv_top.$past$axi4lite_fv_top.sv:75$14$0' using process `\axi4lite_fv_top.$proc$axi4lite_fv_top.sv:74$81'.
  created $dff cell `$procdff$607' with positive edge clock.
Creating register for signal `\axi4lite_fv_top.$past$axi4lite_fv_top.sv:75$15$0' using process `\axi4lite_fv_top.$proc$axi4lite_fv_top.sv:74$81'.
  created $dff cell `$procdff$608' with positive edge clock.
Creating register for signal `\axi4lite_fv_top.$past$axi4lite_fv_top.sv:75$16$0' using process `\axi4lite_fv_top.$proc$axi4lite_fv_top.sv:74$81'.
  created $dff cell `$procdff$609' with positive edge clock.
Creating register for signal `\axi4lite_fv_top.$past$axi4lite_fv_top.sv:54$3$0' using process `\axi4lite_fv_top.$proc$axi4lite_fv_top.sv:53$42'.
  created $dff cell `$procdff$610' with positive edge clock.
Creating register for signal `\axi4lite_fv_top.$past$axi4lite_fv_top.sv:55$4$0' using process `\axi4lite_fv_top.$proc$axi4lite_fv_top.sv:53$42'.
  created $dff cell `$procdff$611' with positive edge clock.
Creating register for signal `\axi4lite_fv_top.$past$axi4lite_fv_top.sv:55$5$0' using process `\axi4lite_fv_top.$proc$axi4lite_fv_top.sv:53$42'.
  created $dff cell `$procdff$612' with positive edge clock.
Creating register for signal `\axi4lite_fv_top.$past$axi4lite_fv_top.sv:57$6$0' using process `\axi4lite_fv_top.$proc$axi4lite_fv_top.sv:53$42'.
  created $dff cell `$procdff$613' with positive edge clock.
Creating register for signal `\axi4lite_fv_top.$past$axi4lite_fv_top.sv:59$7$0' using process `\axi4lite_fv_top.$proc$axi4lite_fv_top.sv:53$42'.
  created $dff cell `$procdff$614' with positive edge clock.
Creating register for signal `\axi4lite_fv_top.$past$axi4lite_fv_top.sv:59$8$0' using process `\axi4lite_fv_top.$proc$axi4lite_fv_top.sv:53$42'.
  created $dff cell `$procdff$615' with positive edge clock.
Creating register for signal `\axi4lite_fv_top.$past$axi4lite_fv_top.sv:61$9$0' using process `\axi4lite_fv_top.$proc$axi4lite_fv_top.sv:53$42'.
  created $dff cell `$procdff$616' with positive edge clock.
Creating register for signal `\axi4lite_fv_top.$past$axi4lite_fv_top.sv:62$10$0' using process `\axi4lite_fv_top.$proc$axi4lite_fv_top.sv:53$42'.
  created $dff cell `$procdff$617' with positive edge clock.
Creating register for signal `\axi4lite_fv_top.$past$axi4lite_fv_top.sv:64$11$0' using process `\axi4lite_fv_top.$proc$axi4lite_fv_top.sv:53$42'.
  created $dff cell `$procdff$618' with positive edge clock.
Creating register for signal `\axi4lite_fv_top.$past$axi4lite_fv_top.sv:64$12$0' using process `\axi4lite_fv_top.$proc$axi4lite_fv_top.sv:53$42'.
  created $dff cell `$procdff$619' with positive edge clock.
Creating register for signal `\axi4lite_fv_top.$past$axi4lite_fv_top.sv:66$13$0' using process `\axi4lite_fv_top.$proc$axi4lite_fv_top.sv:53$42'.
  created $dff cell `$procdff$620' with positive edge clock.
Creating register for signal `\axi4lite_fv_top.$past$axi4lite_fv_top.sv:50$2$0' using process `\axi4lite_fv_top.$proc$axi4lite_fv_top.sv:49$38'.
  created $dff cell `$procdff$621' with positive edge clock.
Creating register for signal `\axi4lite_fv_top.\aresetn_d' using process `\axi4lite_fv_top.$proc$axi4lite_fv_top.sv:46$35'.
  created $dff cell `$procdff$622' with positive edge clock.
Creating register for signal `\axi4lite_fv_top.\f_past_valid' using process `\axi4lite_fv_top.$proc$axi4lite_fv_top.sv:43$34'.
  created $dff cell `$procdff$623' with positive edge clock.

3.3.10. Executing PROC_MEMWR pass (convert process memory writes to cells).

3.3.11. Executing PROC_CLEAN pass (remove empty switches from decision trees).
Removing empty process `$paramod$69437980e42767c350af827a9fef437148ade08c\axi4lite_slave.$proc$axi4lite_slave_buggy.sv:57$273'.
Removing empty process `$paramod$69437980e42767c350af827a9fef437148ade08c\axi4lite_slave.$proc$axi4lite_slave_buggy.sv:46$272'.
Removing empty process `$paramod$69437980e42767c350af827a9fef437148ade08c\axi4lite_slave.$proc$axi4lite_slave_buggy.sv:45$271'.
Removing empty process `$paramod$69437980e42767c350af827a9fef437148ade08c\axi4lite_slave.$proc$axi4lite_slave_buggy.sv:44$270'.
Removing empty process `$paramod$69437980e42767c350af827a9fef437148ade08c\axi4lite_slave.$proc$axi4lite_slave_buggy.sv:43$269'.
Removing empty process `$paramod$69437980e42767c350af827a9fef437148ade08c\axi4lite_slave.$proc$axi4lite_slave_buggy.sv:29$268'.
Removing empty process `$paramod$69437980e42767c350af827a9fef437148ade08c\axi4lite_slave.$proc$axi4lite_slave_buggy.sv:28$267'.
Removing empty process `$paramod$69437980e42767c350af827a9fef437148ade08c\axi4lite_slave.$proc$axi4lite_slave_buggy.sv:27$266'.
Removing empty process `$paramod$69437980e42767c350af827a9fef437148ade08c\axi4lite_slave.$proc$axi4lite_slave_buggy.sv:25$265'.
Removing empty process `$paramod$69437980e42767c350af827a9fef437148ade08c\axi4lite_slave.$proc$axi4lite_slave_buggy.sv:20$264'.
Removing empty process `$paramod$69437980e42767c350af827a9fef437148ade08c\axi4lite_slave.$proc$axi4lite_slave_buggy.sv:19$263'.
Removing empty process `$paramod$69437980e42767c350af827a9fef437148ade08c\axi4lite_slave.$proc$axi4lite_slave_buggy.sv:17$262'.
Removing empty process `$paramod$69437980e42767c350af827a9fef437148ade08c\axi4lite_slave.$proc$axi4lite_slave_buggy.sv:12$261'.
Found and cleaned up 5 empty switches in `$paramod$69437980e42767c350af827a9fef437148ade08c\axi4lite_slave.$proc$axi4lite_slave_buggy.sv:101$248'.
Removing empty process `$paramod$69437980e42767c350af827a9fef437148ade08c\axi4lite_slave.$proc$axi4lite_slave_buggy.sv:101$248'.
Found and cleaned up 4 empty switches in `$paramod$69437980e42767c350af827a9fef437148ade08c\axi4lite_slave.$proc$axi4lite_slave_buggy.sv:59$233'.
Removing empty process `$paramod$69437980e42767c350af827a9fef437148ade08c\axi4lite_slave.$proc$axi4lite_slave_buggy.sv:59$233'.
Removing empty process `axi4lite_fv_top.$proc$axi4lite_fv_top.sv:148$222'.
Removing empty process `axi4lite_fv_top.$proc$axi4lite_fv_top.sv:147$221'.
Removing empty process `axi4lite_fv_top.$proc$axi4lite_fv_top.sv:131$220'.
Removing empty process `axi4lite_fv_top.$proc$axi4lite_fv_top.sv:130$219'.
Removing empty process `axi4lite_fv_top.$proc$axi4lite_fv_top.sv:45$218'.
Removing empty process `axi4lite_fv_top.$proc$axi4lite_fv_top.sv:42$217'.
Removing empty process `axi4lite_fv_top.$proc$axi4lite_fv_top.sv:40$214'.
Found and cleaned up 1 empty switch in `\axi4lite_fv_top.$proc$axi4lite_fv_top.sv:178$206'.
Removing empty process `axi4lite_fv_top.$proc$axi4lite_fv_top.sv:178$206'.
Found and cleaned up 1 empty switch in `\axi4lite_fv_top.$proc$axi4lite_fv_top.sv:173$196'.
Removing empty process `axi4lite_fv_top.$proc$axi4lite_fv_top.sv:173$196'.
Found and cleaned up 1 empty switch in `\axi4lite_fv_top.$proc$axi4lite_fv_top.sv:168$190'.
Removing empty process `axi4lite_fv_top.$proc$axi4lite_fv_top.sv:168$190'.
Found and cleaned up 1 empty switch in `\axi4lite_fv_top.$proc$axi4lite_fv_top.sv:164$187'.
Removing empty process `axi4lite_fv_top.$proc$axi4lite_fv_top.sv:164$187'.
Found and cleaned up 2 empty switches in `\axi4lite_fv_top.$proc$axi4lite_fv_top.sv:149$180'.
Removing empty process `axi4lite_fv_top.$proc$axi4lite_fv_top.sv:149$180'.
Found and cleaned up 2 empty switches in `\axi4lite_fv_top.$proc$axi4lite_fv_top.sv:136$173'.
Removing empty process `axi4lite_fv_top.$proc$axi4lite_fv_top.sv:136$173'.
Found and cleaned up 1 empty switch in `\axi4lite_fv_top.$proc$axi4lite_fv_top.sv:125$164'.
Removing empty process `axi4lite_fv_top.$proc$axi4lite_fv_top.sv:125$164'.
Found and cleaned up 1 empty switch in `\axi4lite_fv_top.$proc$axi4lite_fv_top.sv:121$161'.
Removing empty process `axi4lite_fv_top.$proc$axi4lite_fv_top.sv:121$161'.
Found and cleaned up 1 empty switch in `\axi4lite_fv_top.$proc$axi4lite_fv_top.sv:111$151'.
Removing empty process `axi4lite_fv_top.$proc$axi4lite_fv_top.sv:111$151'.
Found and cleaned up 1 empty switch in `\axi4lite_fv_top.$proc$axi4lite_fv_top.sv:106$141'.
Removing empty process `axi4lite_fv_top.$proc$axi4lite_fv_top.sv:106$141'.
Found and cleaned up 1 empty switch in `\axi4lite_fv_top.$proc$axi4lite_fv_top.sv:102$132'.
Removing empty process `axi4lite_fv_top.$proc$axi4lite_fv_top.sv:102$132'.
Found and cleaned up 1 empty switch in `\axi4lite_fv_top.$proc$axi4lite_fv_top.sv:98$123'.
Removing empty process `axi4lite_fv_top.$proc$axi4lite_fv_top.sv:98$123'.
Found and cleaned up 1 empty switch in `\axi4lite_fv_top.$proc$axi4lite_fv_top.sv:95$118'.
Removing empty process `axi4lite_fv_top.$proc$axi4lite_fv_top.sv:95$118'.
Found and cleaned up 1 empty switch in `\axi4lite_fv_top.$proc$axi4lite_fv_top.sv:92$113'.
Removing empty process `axi4lite_fv_top.$proc$axi4lite_fv_top.sv:92$113'.
Found and cleaned up 1 empty switch in `\axi4lite_fv_top.$proc$axi4lite_fv_top.sv:88$107'.
Removing empty process `axi4lite_fv_top.$proc$axi4lite_fv_top.sv:88$107'.
Found and cleaned up 1 empty switch in `\axi4lite_fv_top.$proc$axi4lite_fv_top.sv:85$103'.
Removing empty process `axi4lite_fv_top.$proc$axi4lite_fv_top.sv:85$103'.
Found and cleaned up 1 empty switch in `\axi4lite_fv_top.$proc$axi4lite_fv_top.sv:82$99'.
Removing empty process `axi4lite_fv_top.$proc$axi4lite_fv_top.sv:82$99'.
Found and cleaned up 1 empty switch in `\axi4lite_fv_top.$proc$axi4lite_fv_top.sv:78$90'.
Removing empty process `axi4lite_fv_top.$proc$axi4lite_fv_top.sv:78$90'.
Found and cleaned up 1 empty switch in `\axi4lite_fv_top.$proc$axi4lite_fv_top.sv:74$81'.
Removing empty process `axi4lite_fv_top.$proc$axi4lite_fv_top.sv:74$81'.
Found and cleaned up 1 empty switch in `\axi4lite_fv_top.$proc$axi4lite_fv_top.sv:70$73'.
Removing empty process `axi4lite_fv_top.$proc$axi4lite_fv_top.sv:70$73'.
Found and cleaned up 4 empty switches in `\axi4lite_fv_top.$proc$axi4lite_fv_top.sv:53$42'.
Removing empty process `axi4lite_fv_top.$proc$axi4lite_fv_top.sv:53$42'.
Found and cleaned up 1 empty switch in `\axi4lite_fv_top.$proc$axi4lite_fv_top.sv:49$38'.
Removing empty process `axi4lite_fv_top.$proc$axi4lite_fv_top.sv:49$38'.
Removing empty process `axi4lite_fv_top.$proc$axi4lite_fv_top.sv:46$35'.
Removing empty process `axi4lite_fv_top.$proc$axi4lite_fv_top.sv:43$34'.
Cleaned up 36 empty switches.

3.3.12. Executing OPT_EXPR pass (perform const folding).
Optimizing module $paramod$69437980e42767c350af827a9fef437148ade08c\axi4lite_slave.
<suppressed ~34 debug messages>
Optimizing module axi4lite_fv_top.
<suppressed ~16 debug messages>

3.4. Executing FUTURE pass.

3.5. Executing OPT_EXPR pass (perform const folding).
Optimizing module $paramod$69437980e42767c350af827a9fef437148ade08c\axi4lite_slave.
Optimizing module axi4lite_fv_top.

3.6. Executing OPT_CLEAN pass (remove unused cells and wires).
Finding unused cells or wires in module $paramod$69437980e42767c350af827a9fef437148ade08c\axi4lite_slave..
Finding unused cells or wires in module \axi4lite_fv_top..
Removed 9 unused cells and 225 unused wires.
<suppressed ~11 debug messages>

3.7. Executing CHECK pass (checking for obvious problems).
Checking module $paramod$69437980e42767c350af827a9fef437148ade08c\axi4lite_slave...
Checking module axi4lite_fv_top...
Found and reported 0 problems.

3.8. Executing OPT pass (performing simple optimizations).

3.8.1. Executing OPT_EXPR pass (perform const folding).
Optimizing module $paramod$69437980e42767c350af827a9fef437148ade08c\axi4lite_slave.
Optimizing module axi4lite_fv_top.

3.8.2. Executing OPT_MERGE pass (detect identical cells).
Finding identical cells in module `$paramod$69437980e42767c350af827a9fef437148ade08c\axi4lite_slave'.
Computing hashes of 110 cells of `$paramod$69437980e42767c350af827a9fef437148ade08c\axi4lite_slave'.
Finding duplicate cells in `$paramod$69437980e42767c350af827a9fef437148ade08c\axi4lite_slave'.
Computing hashes of 89 cells of `$paramod$69437980e42767c350af827a9fef437148ade08c\axi4lite_slave'.
Finding duplicate cells in `$paramod$69437980e42767c350af827a9fef437148ade08c\axi4lite_slave'.
<suppressed ~63 debug messages>
Finding identical cells in module `\axi4lite_fv_top'.
Computing hashes of 227 cells of `\axi4lite_fv_top'.
Finding duplicate cells in `\axi4lite_fv_top'.
Computing hashes of 206 cells of `\axi4lite_fv_top'.
Finding duplicate cells in `\axi4lite_fv_top'.
Computing hashes of 204 cells of `\axi4lite_fv_top'.
Finding duplicate cells in `\axi4lite_fv_top'.
<suppressed ~69 debug messages>
Removed a total of 44 cells.

3.8.3. Executing OPT_MUXTREE pass (detect dead branches in mux trees).
Running muxtree optimizer on module $paramod$69437980e42767c350af827a9fef437148ade08c\axi4lite_slave..
  Creating internal representation of mux trees.
  Evaluating internal representation of mux trees.
      Replacing known input bits on port A of cell $procmux$326: \rvalid -> 1'1
  Analyzing evaluation results.
    dead port 2/2 on $mux $procmux$396.
    dead port 2/2 on $mux $procmux$389.
    dead port 2/2 on $mux $procmux$382.
    dead port 2/2 on $mux $procmux$375.
    dead port 2/2 on $mux $procmux$372.
    dead port 2/2 on $mux $procmux$365.
    dead port 2/2 on $mux $procmux$362.
    dead port 2/2 on $mux $procmux$355.
    dead port 2/2 on $mux $procmux$352.
Running muxtree optimizer on module \axi4lite_fv_top..
  Creating internal representation of mux trees.
  Evaluating internal representation of mux trees.
  Analyzing evaluation results.
Removed 9 multiplexer ports.
<suppressed ~153 debug messages>

3.8.4. Executing OPT_REDUCE pass (consolidate $*mux and $reduce_* inputs).
  Optimizing cells in module $paramod$69437980e42767c350af827a9fef437148ade08c\axi4lite_slave.
    New ctrl vector for $pmux cell $procmux$443: { $procmux$470_CMP $auto$opt_reduce.cc:137:opt_pmux$626 }
    Consolidated identical input bits for $mux cell $procmux$350:
      Old ports: A=0, B=32'11111111111111111111111111111111, Y=$procmux$350_Y
      New ports: A=1'0, B=1'1, Y=$procmux$350_Y [0]
      New connections: $procmux$350_Y [31:1] = { $procmux$350_Y [0] $procmux$350_Y [0] $procmux$350_Y [0] $procmux$350_Y [0] $procmux$350_Y [0] $procmux$350_Y [0] $procmux$350_Y [0] $procmux$350_Y [0] $procmux$350_Y [0] $procmux$350_Y [0] $procmux$350_Y [0] $procmux$350_Y [0] $procmux$350_Y [0] $procmux$350_Y [0] $procmux$350_Y [0] $procmux$350_Y [0] $procmux$350_Y [0] $procmux$350_Y [0] $procmux$350_Y [0] $procmux$350_Y [0] $procmux$350_Y [0] $procmux$350_Y [0] $procmux$350_Y [0] $procmux$350_Y [0] $procmux$350_Y [0] $procmux$350_Y [0] $procmux$350_Y [0] $procmux$350_Y [0] $procmux$350_Y [0] $procmux$350_Y [0] $procmux$350_Y [0] }
  Optimizing cells in module $paramod$69437980e42767c350af827a9fef437148ade08c\axi4lite_slave.
    Consolidated identical input bits for $mux cell $procmux$379:
      Old ports: A=0, B=$3$memwr$\mem$axi4lite_slave_buggy.sv:84$231_EN[31:0]$247, Y=$procmux$379_Y
      New ports: A=1'0, B=$procmux$350_Y [0], Y=$procmux$379_Y [0]
      New connections: $procmux$379_Y [31:1] = { $procmux$379_Y [0] $procmux$379_Y [0] $procmux$379_Y [0] $procmux$379_Y [0] $procmux$379_Y [0] $procmux$379_Y [0] $procmux$379_Y [0] $procmux$379_Y [0] $procmux$379_Y [0] $procmux$379_Y [0] $procmux$379_Y [0] $procmux$379_Y [0] $procmux$379_Y [0] $procmux$379_Y [0] $procmux$379_Y [0] $procmux$379_Y [0] $procmux$379_Y [0] $procmux$379_Y [0] $procmux$379_Y [0] $procmux$379_Y [0] $procmux$379_Y [0] $procmux$379_Y [0] $procmux$379_Y [0] $procmux$379_Y [0] $procmux$379_Y [0] $procmux$379_Y [0] $procmux$379_Y [0] $procmux$379_Y [0] $procmux$379_Y [0] $procmux$379_Y [0] $procmux$379_Y [0] }
  Optimizing cells in module $paramod$69437980e42767c350af827a9fef437148ade08c\axi4lite_slave.
    Consolidated identical input bits for $mux cell $procmux$399:
      Old ports: A=0, B=$2$memwr$\mem$axi4lite_slave_buggy.sv:84$231_EN[31:0]$243, Y=$0$memwr$\mem$axi4lite_slave_buggy.sv:84$231_EN[31:0]$236
      New ports: A=1'0, B=$procmux$379_Y [0], Y=$0$memwr$\mem$axi4lite_slave_buggy.sv:84$231_EN[31:0]$236 [0]
      New connections: $0$memwr$\mem$axi4lite_slave_buggy.sv:84$231_EN[31:0]$236 [31:1] = { $0$memwr$\mem$axi4lite_slave_buggy.sv:84$231_EN[31:0]$236 [0] $0$memwr$\mem$axi4lite_slave_buggy.sv:84$231_EN[31:0]$236 [0] $0$memwr$\mem$axi4lite_slave_buggy.sv:84$231_EN[31:0]$236 [0] $0$memwr$\mem$axi4lite_slave_buggy.sv:84$231_EN[31:0]$236 [0] $0$memwr$\mem$axi4lite_slave_buggy.sv:84$231_EN[31:0]$236 [0] $0$memwr$\mem$axi4lite_slave_buggy.sv:84$231_EN[31:0]$236 [0] $0$memwr$\mem$axi4lite_slave_buggy.sv:84$231_EN[31:0]$236 [0] $0$memwr$\mem$axi4lite_slave_buggy.sv:84$231_EN[31:0]$236 [0] $0$memwr$\mem$axi4lite_slave_buggy.sv:84$231_EN[31:0]$236 [0] $0$memwr$\mem$axi4lite_slave_buggy.sv:84$231_EN[31:0]$236 [0] $0$memwr$\mem$axi4lite_slave_buggy.sv:84$231_EN[31:0]$236 [0] $0$memwr$\mem$axi4lite_slave_buggy.sv:84$231_EN[31:0]$236 [0] $0$memwr$\mem$axi4lite_slave_buggy.sv:84$231_EN[31:0]$236 [0] $0$memwr$\mem$axi4lite_slave_buggy.sv:84$231_EN[31:0]$236 [0] $0$memwr$\mem$axi4lite_slave_buggy.sv:84$231_EN[31:0]$236 [0] $0$memwr$\mem$axi4lite_slave_buggy.sv:84$231_EN[31:0]$236 [0] $0$memwr$\mem$axi4lite_slave_buggy.sv:84$231_EN[31:0]$236 [0] $0$memwr$\mem$axi4lite_slave_buggy.sv:84$231_EN[31:0]$236 [0] $0$memwr$\mem$axi4lite_slave_buggy.sv:84$231_EN[31:0]$236 [0] $0$memwr$\mem$axi4lite_slave_buggy.sv:84$231_EN[31:0]$236 [0] $0$memwr$\mem$axi4lite_slave_buggy.sv:84$231_EN[31:0]$236 [0] $0$memwr$\mem$axi4lite_slave_buggy.sv:84$231_EN[31:0]$236 [0] $0$memwr$\mem$axi4lite_slave_buggy.sv:84$231_EN[31:0]$236 [0] $0$memwr$\mem$axi4lite_slave_buggy.sv:84$231_EN[31:0]$236 [0] $0$memwr$\mem$axi4lite_slave_buggy.sv:84$231_EN[31:0]$236 [0] $0$memwr$\mem$axi4lite_slave_buggy.sv:84$231_EN[31:0]$236 [0] $0$memwr$\mem$axi4lite_slave_buggy.sv:84$231_EN[31:0]$236 [0] $0$memwr$\mem$axi4lite_slave_buggy.sv:84$231_EN[31:0]$236 [0] $0$memwr$\mem$axi4lite_slave_buggy.sv:84$231_EN[31:0]$236 [0] $0$memwr$\mem$axi4lite_slave_buggy.sv:84$231_EN[31:0]$236 [0] $0$memwr$\mem$axi4lite_slave_buggy.sv:84$231_EN[31:0]$236 [0] }
  Optimizing cells in module $paramod$69437980e42767c350af827a9fef437148ade08c\axi4lite_slave.
  Optimizing cells in module \axi4lite_fv_top.
Performed a total of 4 changes.

3.8.5. Executing OPT_MERGE pass (detect identical cells).
Finding identical cells in module `$paramod$69437980e42767c350af827a9fef437148ade08c\axi4lite_slave'.
Computing hashes of 81 cells of `$paramod$69437980e42767c350af827a9fef437148ade08c\axi4lite_slave'.
Finding duplicate cells in `$paramod$69437980e42767c350af827a9fef437148ade08c\axi4lite_slave'.
Computing hashes of 80 cells of `$paramod$69437980e42767c350af827a9fef437148ade08c\axi4lite_slave'.
Finding duplicate cells in `$paramod$69437980e42767c350af827a9fef437148ade08c\axi4lite_slave'.
<suppressed ~3 debug messages>
Finding identical cells in module `\axi4lite_fv_top'.
Computing hashes of 204 cells of `\axi4lite_fv_top'.
Finding duplicate cells in `\axi4lite_fv_top'.
Computing hashes of 193 cells of `\axi4lite_fv_top'.
Finding duplicate cells in `\axi4lite_fv_top'.
Computing hashes of 189 cells of `\axi4lite_fv_top'.
Finding duplicate cells in `\axi4lite_fv_top'.
<suppressed ~45 debug messages>
Removed a total of 16 cells.

3.8.6. Executing OPT_CLEAN pass (remove unused cells and wires).
Finding unused cells or wires in module $paramod$69437980e42767c350af827a9fef437148ade08c\axi4lite_slave..
Finding unused cells or wires in module \axi4lite_fv_top..
Removed 0 unused cells and 64 unused wires.
<suppressed ~2 debug messages>

3.8.7. Executing OPT_EXPR pass (perform const folding).
Optimizing module $paramod$69437980e42767c350af827a9fef437148ade08c\axi4lite_slave.
Optimizing module axi4lite_fv_top.

3.8.8. Rerunning OPT passes. (Maybe there is more to do..)

3.8.9. Executing OPT_MUXTREE pass (detect dead branches in mux trees).
Running muxtree optimizer on module $paramod$69437980e42767c350af827a9fef437148ade08c\axi4lite_slave..
  Creating internal representation of mux trees.
  Evaluating internal representation of mux trees.
  Analyzing evaluation results.
Running muxtree optimizer on module \axi4lite_fv_top..
  Creating internal representation of mux trees.
  Evaluating internal representation of mux trees.
  Analyzing evaluation results.
Removed 0 multiplexer ports.
<suppressed ~120 debug messages>

3.8.10. Executing OPT_REDUCE pass (consolidate $*mux and $reduce_* inputs).
  Optimizing cells in module $paramod$69437980e42767c350af827a9fef437148ade08c\axi4lite_slave.
  Optimizing cells in module \axi4lite_fv_top.
Performed a total of 0 changes.

3.8.11. Executing OPT_MERGE pass (detect identical cells).
Finding identical cells in module `$paramod$69437980e42767c350af827a9fef437148ade08c\axi4lite_slave'.
Computing hashes of 80 cells of `$paramod$69437980e42767c350af827a9fef437148ade08c\axi4lite_slave'.
Finding duplicate cells in `$paramod$69437980e42767c350af827a9fef437148ade08c\axi4lite_slave'.
Finding identical cells in module `\axi4lite_fv_top'.
Computing hashes of 189 cells of `\axi4lite_fv_top'.
Finding duplicate cells in `\axi4lite_fv_top'.
Removed a total of 0 cells.

3.8.12. Executing OPT_CLEAN pass (remove unused cells and wires).
Finding unused cells or wires in module $paramod$69437980e42767c350af827a9fef437148ade08c\axi4lite_slave..
Finding unused cells or wires in module \axi4lite_fv_top..

3.8.13. Executing OPT_EXPR pass (perform const folding).
Optimizing module $paramod$69437980e42767c350af827a9fef437148ade08c\axi4lite_slave.
Optimizing module axi4lite_fv_top.

3.8.14. Finished fast OPT passes. (There is nothing left to do.)

3.9. Executing WREDUCE pass (reducing word size of cells).
Removed top 29 address bits (of 32) from memory init port $paramod$69437980e42767c350af827a9fef437148ade08c\axi4lite_slave.$meminit$\mem$axi4lite_slave_buggy.sv:57$260 (mem).
Removed top 29 address bits (of 32) from memory init port $paramod$69437980e42767c350af827a9fef437148ade08c\axi4lite_slave.$meminit$\mem$axi4lite_slave_buggy.sv:57$259 (mem).
Removed top 29 address bits (of 32) from memory init port $paramod$69437980e42767c350af827a9fef437148ade08c\axi4lite_slave.$meminit$\mem$axi4lite_slave_buggy.sv:57$258 (mem).
Removed top 29 address bits (of 32) from memory init port $paramod$69437980e42767c350af827a9fef437148ade08c\axi4lite_slave.$meminit$\mem$axi4lite_slave_buggy.sv:57$257 (mem).
Removed top 29 address bits (of 32) from memory init port $paramod$69437980e42767c350af827a9fef437148ade08c\axi4lite_slave.$meminit$\mem$axi4lite_slave_buggy.sv:57$256 (mem).
Removed top 29 address bits (of 32) from memory init port $paramod$69437980e42767c350af827a9fef437148ade08c\axi4lite_slave.$meminit$\mem$axi4lite_slave_buggy.sv:57$255 (mem).
Removed top 29 address bits (of 32) from memory init port $paramod$69437980e42767c350af827a9fef437148ade08c\axi4lite_slave.$meminit$\mem$axi4lite_slave_buggy.sv:57$254 (mem).
Removed top 29 address bits (of 32) from memory init port $paramod$69437980e42767c350af827a9fef437148ade08c\axi4lite_slave.$meminit$\mem$axi4lite_slave_buggy.sv:57$253 (mem).
Removed top 1 bits (of 2) from port B of cell $paramod$69437980e42767c350af827a9fef437148ade08c\axi4lite_slave.$procmux$339_CMP0 ($eq).
Removed top 1 bits (of 2) from port B of cell $paramod$69437980e42767c350af827a9fef437148ade08c\axi4lite_slave.$procmux$470_CMP0 ($eq).
Removed top 1 bits (of 2) from port B of cell axi4lite_fv_top.$eq$axi4lite_fv_top.sv:127$171 ($eq).
Removed top 1 bits (of 2) from port B of cell axi4lite_fv_top.$eq$axi4lite_fv_top.sv:175$198 ($eq).
Removed top 1 bits (of 2) from port B of cell axi4lite_fv_top.$eq$axi4lite_fv_top.sv:176$203 ($eq).

3.10. Executing OPT_CLEAN pass (remove unused cells and wires).
Finding unused cells or wires in module $paramod$69437980e42767c350af827a9fef437148ade08c\axi4lite_slave..
Finding unused cells or wires in module \axi4lite_fv_top..

3.11. Executing MEMORY_COLLECT pass (generating $mem cells).

3.12. Executing OPT pass (performing simple optimizations).

3.12.1. Executing OPT_EXPR pass (perform const folding).
Optimizing module $paramod$69437980e42767c350af827a9fef437148ade08c\axi4lite_slave.
Optimizing module axi4lite_fv_top.

3.12.2. Executing OPT_MERGE pass (detect identical cells).
Finding identical cells in module `$paramod$69437980e42767c350af827a9fef437148ade08c\axi4lite_slave'.
Computing hashes of 70 cells of `$paramod$69437980e42767c350af827a9fef437148ade08c\axi4lite_slave'.
Finding duplicate cells in `$paramod$69437980e42767c350af827a9fef437148ade08c\axi4lite_slave'.
Finding identical cells in module `\axi4lite_fv_top'.
Computing hashes of 189 cells of `\axi4lite_fv_top'.
Finding duplicate cells in `\axi4lite_fv_top'.
Removed a total of 0 cells.

3.12.3. Executing OPT_CLEAN pass (remove unused cells and wires).
Finding unused cells or wires in module $paramod$69437980e42767c350af827a9fef437148ade08c\axi4lite_slave..
Finding unused cells or wires in module \axi4lite_fv_top..

3.12.4. Finished fast OPT passes.

3.13. Executing SORT pass.

3.14. Printing statistics.

=== $paramod$69437980e42767c350af827a9fef437148ade08c\axi4lite_slave ===

        +----------Local Count, excluding submodules.
        | 
       88 wires
      602 wire bits
       30 public wires
      189 public wire bits
       25 ports
      143 port bits
       70 cells
       12   $dff
        3   $eq
        2   $logic_and
        2   $logic_not
        1   $mem_v2
       42   $mux
        7   $pmux
        1   $reduce_or

=== axi4lite_fv_top ===

        +----------Local Count, excluding submodules.
        | 
      186 wires
      535 wire bits
       51 public wires
      231 public wire bits
       11 ports
       53 port bits
      188 cells
        1   $anyconst
       31   $check
       37   $dff
       14   $eq
       46   $logic_and
       18   $logic_not
        6   $logic_or
       30   $mux
        1   $ne
        4   $reduce_bool
        1 submodules
        1   $paramod$69437980e42767c350af827a9fef437148ade08c\axi4lite_slave

=== design hierarchy ===

        +----------Count including submodules.
        | 
      258 axi4lite_fv_top
       70 $paramod$69437980e42767c350af827a9fef437148ade08c\axi4lite_slave

        +----------Count including submodules.
        | 
      274 wires
     1137 wire bits
       81 public wires
      420 public wire bits
       36 ports
      196 port bits
        - memories
        - memory bits
        - processes
      258 cells
        1   $anyconst
       31   $check
       49   $dff
       17   $eq
       48   $logic_and
       20   $logic_not
        6   $logic_or
        1   $mem_v2
       72   $mux
        1   $ne
        7   $pmux
        4   $reduce_bool
        1   $reduce_or
        1 submodules
        1   $paramod$69437980e42767c350af827a9fef437148ade08c\axi4lite_slave

3.15. Executing CHECK pass (checking for obvious problems).
Checking module $paramod$69437980e42767c350af827a9fef437148ade08c\axi4lite_slave...
Checking module axi4lite_fv_top...
Found and reported 0 problems.

4. Executing HIERARCHY pass (managing design hierarchy).
Attribute `top' found on module `axi4lite_fv_top'. Setting top module to axi4lite_fv_top.

4.1. Analyzing design hierarchy..
Top module:  \axi4lite_fv_top
Used module:     $paramod$69437980e42767c350af827a9fef437148ade08c\axi4lite_slave

4.2. Analyzing design hierarchy..
Top module:  \axi4lite_fv_top
Used module:     $paramod$69437980e42767c350af827a9fef437148ade08c\axi4lite_slave
Removed 0 unused modules.
Module axi4lite_fv_top directly or indirectly contains formal properties -> setting "keep" attribute.

5. Executing jny backend.

6. Executing RTLIL backend.
Output filename: ../model/design.il

End of script. Logfile hash: 6f8a4e8744, time: 0.06s, user: 0.05s, system: 0.02s, MEM: 18.83 MB peak
Yosys 0.64 (git sha1 d8dab5b32666564eca8e18f412973853ce006e61, clang++ 21.0.0 -fPIC -O3)
Time spent: 19% 2x hierarchy (0 sec), 16% 5x opt_clean (0 sec), ...
